c:\users\dvuong\desktop\vlsmsubnettingpractice\vlsmsubnettingpracticewrapper\vlsmsubnettingpracticewrapper\debug\vlsmsubnettingpracticewrapper.pch
c:\users\dvuong\desktop\vlsmsubnettingpractice\vlsmsubnettingpracticewrapper\vlsmsubnettingpracticewrapper\debug\vc120.pdb
c:\users\dvuong\desktop\vlsmsubnettingpractice\vlsmsubnettingpracticewrapper\vlsmsubnettingpracticewrapper\debug\stdafx.obj
c:\users\dvuong\desktop\vlsmsubnettingpractice\vlsmsubnettingpracticewrapper\vlsmsubnettingpracticewrapper\debug\vlsmsubnettingpracticewrapper.obj
c:\users\dvuong\desktop\vlsmsubnettingpractice\vlsmsubnettingpracticewrapper\vlsmsubnettingpracticewrapper\debug\assemblyinfo.obj
c:\users\dvuong\desktop\vlsmsubnettingpractice\vlsmsubnettingpracticewrapper\vlsmsubnettingpracticewrapper\debug\.netframework,version=v4.5.assemblyattributes.obj
c:\users\dvuong\desktop\vlsmsubnettingpractice\vlsmsubnettingpracticewrapper\vlsmsubnettingpracticewrapper\debug\app.res
c:\users\dvuong\desktop\vlsmsubnettingpractice\vlsmsubnettingpracticewrapper\vlsmsubnettingpracticewrapper\debug\vlsmsubnettingpracticewrapper.vcxprojresolveassemblyreference.cache
c:\users\dvuong\desktop\vlsmsubnettingpractice\vlsmsubnettingpracticewrapper\debug\vlsmsubnettingpracticewrapper.pdb
c:\users\dvuong\desktop\vlsmsubnettingpractice\vlsmsubnettingpracticewrapper\vlsmsubnettingpracticewrapper\debug\vlsmsubn.ad4aeaa6.tlog\cl.command.1.tlog
c:\users\dvuong\desktop\vlsmsubnettingpractice\vlsmsubnettingpracticewrapper\vlsmsubnettingpracticewrapper\debug\vlsmsubn.ad4aeaa6.tlog\cl.read.1.tlog
c:\users\dvuong\desktop\vlsmsubnettingpractice\vlsmsubnettingpracticewrapper\vlsmsubnettingpracticewrapper\debug\vlsmsubn.ad4aeaa6.tlog\cl.write.1.tlog
c:\users\dvuong\desktop\vlsmsubnettingpractice\vlsmsubnettingpracticewrapper\vlsmsubnettingpracticewrapper\debug\vlsmsubn.ad4aeaa6.tlog\link.9244-cvtres.read.1.tlog
c:\users\dvuong\desktop\vlsmsubnettingpractice\vlsmsubnettingpracticewrapper\vlsmsubnettingpracticewrapper\debug\vlsmsubn.ad4aeaa6.tlog\link.9244-cvtres.write.1.tlog
c:\users\dvuong\desktop\vlsmsubnettingpractice\vlsmsubnettingpracticewrapper\vlsmsubnettingpracticewrapper\debug\vlsmsubn.ad4aeaa6.tlog\link.9244-rc.read.1.tlog
c:\users\dvuong\desktop\vlsmsubnettingpractice\vlsmsubnettingpracticewrapper\vlsmsubnettingpracticewrapper\debug\vlsmsubn.ad4aeaa6.tlog\link.9244-rc.write.1.tlog
c:\users\dvuong\desktop\vlsmsubnettingpractice\vlsmsubnettingpracticewrapper\vlsmsubnettingpracticewrapper\debug\vlsmsubn.ad4aeaa6.tlog\link.9244.read.1.tlog
c:\users\dvuong\desktop\vlsmsubnettingpractice\vlsmsubnettingpracticewrapper\vlsmsubnettingpracticewrapper\debug\vlsmsubn.ad4aeaa6.tlog\link.9244.write.1.tlog
c:\users\dvuong\desktop\vlsmsubnettingpractice\vlsmsubnettingpracticewrapper\vlsmsubnettingpracticewrapper\debug\vlsmsubn.ad4aeaa6.tlog\link.command.1.tlog
c:\users\dvuong\desktop\vlsmsubnettingpractice\vlsmsubnettingpracticewrapper\vlsmsubnettingpracticewrapper\debug\vlsmsubn.ad4aeaa6.tlog\link.read.1.tlog
c:\users\dvuong\desktop\vlsmsubnettingpractice\vlsmsubnettingpracticewrapper\vlsmsubnettingpracticewrapper\debug\vlsmsubn.ad4aeaa6.tlog\link.write.1.tlog
c:\users\dvuong\desktop\vlsmsubnettingpractice\vlsmsubnettingpracticewrapper\vlsmsubnettingpracticewrapper\debug\vlsmsubn.ad4aeaa6.tlog\metagen.read.1.tlog
c:\users\dvuong\desktop\vlsmsubnettingpractice\vlsmsubnettingpracticewrapper\vlsmsubnettingpracticewrapper\debug\vlsmsubn.ad4aeaa6.tlog\metagen.write.1.tlog
c:\users\dvuong\desktop\vlsmsubnettingpractice\vlsmsubnettingpracticewrapper\vlsmsubnettingpracticewrapper\debug\vlsmsubn.ad4aeaa6.tlog\rc.command.1.tlog
c:\users\dvuong\desktop\vlsmsubnettingpractice\vlsmsubnettingpracticewrapper\vlsmsubnettingpracticewrapper\debug\vlsmsubn.ad4aeaa6.tlog\rc.read.1.tlog
c:\users\dvuong\desktop\vlsmsubnettingpractice\vlsmsubnettingpracticewrapper\vlsmsubnettingpracticewrapper\debug\vlsmsubn.ad4aeaa6.tlog\rc.write.1.tlog
c:\users\dvuong\desktop\vlsmsubnettingpractice\vlsmsubnettingpracticewrapper\vlsmsubnettingpracticewrapper\debug\vlsmsubn.ad4aeaa6.tlog\rsaenh.dll.bi
c:\users\dvuong\desktop\vlsmsubnettingpractice\vlsmsubnettingpracticewrapper\vlsmsubnettingpracticewrapper\debug\vlsmsubn.ad4aeaa6.tlog\tzres.dll.bi
